[2025-05-13 00:12:31] local.ERROR: Uncaught InvalidArgumentException: Please provide a valid cache path. in /Applications/MAMP/htdocs/Untitled/eterna-watch/vendor/laravel/framework/src/Illuminate/View/Compilers/Compiler.php:67
Stack trace:
#0 /Applications/MAMP/htdocs/Untitled/eterna-watch/vendor/laravel/framework/src/Illuminate/View/ViewServiceProvider.php(97): Illuminate\View\Compilers\Compiler->__construct(Object(Illuminate\Filesystem\Filesystem), false, '', true, 'php')
#1 /Applications/MAMP/htdocs/Untitled/eterna-watch/vendor/laravel/framework/src/Illuminate/Container/Container.php(908): Illuminate\View\ViewServiceProvider->{closure:Illuminate\View\ViewServiceProvider::registerBladeCompiler():96}(Object(Illuminate\Foundation\Application), Array)
#2 /Applications/MAMP/htdocs/Untitled/eterna-watch/vendor/laravel/framework/src/Illuminate/Container/Container.php(795): Illuminate\Container\Container->build(Object(Closure))
#3 /Applications/MAMP/htdocs/Untitled/eterna-watch/vendor/laravel/framework/src/Illuminate/Foundation/Application.php(986): Illuminate\Container\Container->resolve('blade.compiler', Array, true)
#4 /Applications/MAMP/htdocs/Untitled/eterna-watch/vendor/laravel/framework/src/Illuminate/Container/Container.php(731): Illuminate\Foundation\Application->resolve('blade.compiler', Array)
#5 /Applications/MAMP/htdocs/Untitled/eterna-watch/vendor/laravel/framework/src/Illuminate/Foundation/Application.php(971): Illuminate\Container\Container->make('blade.compiler', Array)
#6 /Applications/MAMP/htdocs/Untitled/eterna-watch/vendor/laravel/framework/src/Illuminate/Foundation/helpers.php(120): Illuminate\Foundation\Application->make('blade.compiler', Array)
#7 Command line code(1): app('Illuminate\\View...')
#8 {main}
  thrown {"exception":"[object] (Symfony\\Component\\ErrorHandler\\Error\\FatalError(code: 0): Uncaught InvalidArgumentException: Please provide a valid cache path. in /Applications/MAMP/htdocs/Untitled/eterna-watch/vendor/laravel/framework/src/Illuminate/View/Compilers/Compiler.php:67
Stack trace:
#0 /Applications/MAMP/htdocs/Untitled/eterna-watch/vendor/laravel/framework/src/Illuminate/View/ViewServiceProvider.php(97): Illuminate\\View\\Compilers\\Compiler->__construct(Object(Illuminate\\Filesystem\\Filesystem), false, '', true, 'php')
#1 /Applications/MAMP/htdocs/Untitled/eterna-watch/vendor/laravel/framework/src/Illuminate/Container/Container.php(908): Illuminate\\View\\ViewServiceProvider->{closure:Illuminate\\View\\ViewServiceProvider::registerBladeCompiler():96}(Object(Illuminate\\Foundation\\Application), Array)
#2 /Applications/MAMP/htdocs/Untitled/eterna-watch/vendor/laravel/framework/src/Illuminate/Container/Container.php(795): Illuminate\\Container\\Container->build(Object(Closure))
#3 /Applications/MAMP/htdocs/Untitled/eterna-watch/vendor/laravel/framework/src/Illuminate/Foundation/Application.php(986): Illuminate\\Container\\Container->resolve('blade.compiler', Array, true)
#4 /Applications/MAMP/htdocs/Untitled/eterna-watch/vendor/laravel/framework/src/Illuminate/Container/Container.php(731): Illuminate\\Foundation\\Application->resolve('blade.compiler', Array)
#5 /Applications/MAMP/htdocs/Untitled/eterna-watch/vendor/laravel/framework/src/Illuminate/Foundation/Application.php(971): Illuminate\\Container\\Container->make('blade.compiler', Array)
#6 /Applications/MAMP/htdocs/Untitled/eterna-watch/vendor/laravel/framework/src/Illuminate/Foundation/helpers.php(120): Illuminate\\Foundation\\Application->make('blade.compiler', Array)
#7 Command line code(1): app('Illuminate\\\\View...')
#8 {main}
  thrown at /Applications/MAMP/htdocs/Untitled/eterna-watch/vendor/laravel/framework/src/Illuminate/View/Compilers/Compiler.php:67)
[stacktrace]
#0 {main}
"} 
[2025-05-13 00:15:35] local.ERROR: The "/Applications/MAMP/htdocs/Untitled/eterna-watch/storage/framework/sessions" directory does not exist. {"userId":6,"exception":"[object] (Symfony\\Component\\Finder\\Exception\\DirectoryNotFoundException(code: 0): The \"/Applications/MAMP/htdocs/Untitled/eterna-watch/storage/framework/sessions\" directory does not exist. at /Applications/MAMP/htdocs/Untitled/eterna-watch/vendor/symfony/finder/Finder.php:649)
[stacktrace]
#0 /Applications/MAMP/htdocs/Untitled/eterna-watch/vendor/laravel/framework/src/Illuminate/Session/FileSessionHandler.php(115): Symfony\\Component\\Finder\\Finder->in('/Applications/M...')
#1 /Applications/MAMP/htdocs/Untitled/eterna-watch/vendor/laravel/framework/src/Illuminate/Session/Middleware/StartSession.php(178): Illuminate\\Session\\FileSessionHandler->gc(7200)
#2 /Applications/MAMP/htdocs/Untitled/eterna-watch/vendor/laravel/framework/src/Illuminate/Session/Middleware/StartSession.php(119): Illuminate\\Session\\Middleware\\StartSession->collectGarbage(Object(Illuminate\\Session\\Store))
#3 /Applications/MAMP/htdocs/Untitled/eterna-watch/vendor/laravel/framework/src/Illuminate/Session/Middleware/StartSession.php(64): Illuminate\\Session\\Middleware\\StartSession->handleStatefulRequest(Object(Illuminate\\Http\\Request), Object(Illuminate\\Session\\Store), Object(Closure))
#4 /Applications/MAMP/htdocs/Untitled/eterna-watch/vendor/laravel/framework/src/Illuminate/Pipeline/Pipeline.php(183): Illuminate\\Session\\Middleware\\StartSession->handle(Object(Illuminate\\Http\\Request), Object(Closure))
#5 /Applications/MAMP/htdocs/Untitled/eterna-watch/vendor/laravel/framework/src/Illuminate/Cookie/Middleware/AddQueuedCookiesToResponse.php(37): Illuminate\\Pipeline\\Pipeline->{closure:{closure:Illuminate\\Pipeline\\Pipeline::carry():158}:159}(Object(Illuminate\\Http\\Request))
#6 /Applications/MAMP/htdocs/Untitled/eterna-watch/vendor/laravel/framework/src/Illuminate/Pipeline/Pipeline.php(183): Illuminate\\Cookie\\Middleware\\AddQueuedCookiesToResponse->handle(Object(Illuminate\\Http\\Request), Object(Closure))
#7 /Applications/MAMP/htdocs/Untitled/eterna-watch/vendor/laravel/framework/src/Illuminate/Cookie/Middleware/EncryptCookies.php(67): Illuminate\\Pipeline\\Pipeline->{closure:{closure:Illuminate\\Pipeline\\Pipeline::carry():158}:159}(Object(Illuminate\\Http\\Request))
#8 /Applications/MAMP/htdocs/Untitled/eterna-watch/vendor/laravel/framework/src/Illuminate/Pipeline/Pipeline.php(183): Illuminate\\Cookie\\Middleware\\EncryptCookies->handle(Object(Illuminate\\Http\\Request), Object(Closure))
#9 /Applications/MAMP/htdocs/Untitled/eterna-watch/vendor/laravel/framework/src/Illuminate/Pipeline/Pipeline.php(119): Illuminate\\Pipeline\\Pipeline->{closure:{closure:Illuminate\\Pipeline\\Pipeline::carry():158}:159}(Object(Illuminate\\Http\\Request))
#10 /Applications/MAMP/htdocs/Untitled/eterna-watch/vendor/laravel/framework/src/Illuminate/Routing/Router.php(805): Illuminate\\Pipeline\\Pipeline->then(Object(Closure))
#11 /Applications/MAMP/htdocs/Untitled/eterna-watch/vendor/laravel/framework/src/Illuminate/Routing/Router.php(784): Illuminate\\Routing\\Router->runRouteWithinStack(Object(Illuminate\\Routing\\Route), Object(Illuminate\\Http\\Request))
#12 /Applications/MAMP/htdocs/Untitled/eterna-watch/vendor/laravel/framework/src/Illuminate/Routing/Router.php(748): Illuminate\\Routing\\Router->runRoute(Object(Illuminate\\Http\\Request), Object(Illuminate\\Routing\\Route))
#13 /Applications/MAMP/htdocs/Untitled/eterna-watch/vendor/laravel/framework/src/Illuminate/Routing/Router.php(737): Illuminate\\Routing\\Router->dispatchToRoute(Object(Illuminate\\Http\\Request))
#14 /Applications/MAMP/htdocs/Untitled/eterna-watch/vendor/laravel/framework/src/Illuminate/Foundation/Http/Kernel.php(200): Illuminate\\Routing\\Router->dispatch(Object(Illuminate\\Http\\Request))
#15 /Applications/MAMP/htdocs/Untitled/eterna-watch/vendor/laravel/framework/src/Illuminate/Pipeline/Pipeline.php(144): Illuminate\\Foundation\\Http\\Kernel->{closure:Illuminate\\Foundation\\Http\\Kernel::dispatchToRouter():197}(Object(Illuminate\\Http\\Request))
#16 /Applications/MAMP/htdocs/Untitled/eterna-watch/vendor/laravel/framework/src/Illuminate/Foundation/Http/Middleware/TransformsRequest.php(21): Illuminate\\Pipeline\\Pipeline->{closure:Illuminate\\Pipeline\\Pipeline::prepareDestination():142}(Object(Illuminate\\Http\\Request))
#17 /Applications/MAMP/htdocs/Untitled/eterna-watch/vendor/laravel/framework/src/Illuminate/Foundation/Http/Middleware/ConvertEmptyStringsToNull.php(31): Illuminate\\Foundation\\Http\\Middleware\\TransformsRequest->handle(Object(Illuminate\\Http\\Request), Object(Closure))
#18 /Applications/MAMP/htdocs/Untitled/eterna-watch/vendor/laravel/framework/src/Illuminate/Pipeline/Pipeline.php(183): Illuminate\\Foundation\\Http\\Middleware\\ConvertEmptyStringsToNull->handle(Object(Illuminate\\Http\\Request), Object(Closure))
#19 /Applications/MAMP/htdocs/Untitled/eterna-watch/vendor/laravel/framework/src/Illuminate/Foundation/Http/Middleware/TransformsRequest.php(21): Illuminate\\Pipeline\\Pipeline->{closure:{closure:Illuminate\\Pipeline\\Pipeline::carry():158}:159}(Object(Illuminate\\Http\\Request))
#20 /Applications/MAMP/htdocs/Untitled/eterna-watch/vendor/laravel/framework/src/Illuminate/Foundation/Http/Middleware/TrimStrings.php(40): Illuminate\\Foundation\\Http\\Middleware\\TransformsRequest->handle(Object(Illuminate\\Http\\Request), Object(Closure))
#21 /Applications/MAMP/htdocs/Untitled/eterna-watch/vendor/laravel/framework/src/Illuminate/Pipeline/Pipeline.php(183): Illuminate\\Foundation\\Http\\Middleware\\TrimStrings->handle(Object(Illuminate\\Http\\Request), Object(Closure))
#22 /Applications/MAMP/htdocs/Untitled/eterna-watch/vendor/laravel/framework/src/Illuminate/Foundation/Http/Middleware/ValidatePostSize.php(27): Illuminate\\Pipeline\\Pipeline->{closure:{closure:Illuminate\\Pipeline\\Pipeline::carry():158}:159}(Object(Illuminate\\Http\\Request))
#23 /Applications/MAMP/htdocs/Untitled/eterna-watch/vendor/laravel/framework/src/Illuminate/Pipeline/Pipeline.php(183): Illuminate\\Foundation\\Http\\Middleware\\ValidatePostSize->handle(Object(Illuminate\\Http\\Request), Object(Closure))
#24 /Applications/MAMP/htdocs/Untitled/eterna-watch/vendor/laravel/framework/src/Illuminate/Foundation/Http/Middleware/PreventRequestsDuringMaintenance.php(99): Illuminate\\Pipeline\\Pipeline->{closure:{closure:Illuminate\\Pipeline\\Pipeline::carry():158}:159}(Object(Illuminate\\Http\\Request))
#25 /Applications/MAMP/htdocs/Untitled/eterna-watch/vendor/laravel/framework/src/Illuminate/Pipeline/Pipeline.php(183): Illuminate\\Foundation\\Http\\Middleware\\PreventRequestsDuringMaintenance->handle(Object(Illuminate\\Http\\Request), Object(Closure))
#26 /Applications/MAMP/htdocs/Untitled/eterna-watch/vendor/laravel/framework/src/Illuminate/Http/Middleware/HandleCors.php(49): Illuminate\\Pipeline\\Pipeline->{closure:{closure:Illuminate\\Pipeline\\Pipeline::carry():158}:159}(Object(Illuminate\\Http\\Request))
#27 /Applications/MAMP/htdocs/Untitled/eterna-watch/vendor/laravel/framework/src/Illuminate/Pipeline/Pipeline.php(183): Illuminate\\Http\\Middleware\\HandleCors->handle(Object(Illuminate\\Http\\Request), Object(Closure))
#28 /Applications/MAMP/htdocs/Untitled/eterna-watch/vendor/laravel/framework/src/Illuminate/Http/Middleware/TrustProxies.php(39): Illuminate\\Pipeline\\Pipeline->{closure:{closure:Illuminate\\Pipeline\\Pipeline::carry():158}:159}(Object(Illuminate\\Http\\Request))
#29 /Applications/MAMP/htdocs/Untitled/eterna-watch/vendor/laravel/framework/src/Illuminate/Pipeline/Pipeline.php(183): Illuminate\\Http\\Middleware\\TrustProxies->handle(Object(Illuminate\\Http\\Request), Object(Closure))
#30 /Applications/MAMP/htdocs/Untitled/eterna-watch/vendor/laravel/framework/src/Illuminate/Pipeline/Pipeline.php(119): Illuminate\\Pipeline\\Pipeline->{closure:{closure:Illuminate\\Pipeline\\Pipeline::carry():158}:159}(Object(Illuminate\\Http\\Request))
#31 /Applications/MAMP/htdocs/Untitled/eterna-watch/vendor/laravel/framework/src/Illuminate/Foundation/Http/Kernel.php(175): Illuminate\\Pipeline\\Pipeline->then(Object(Closure))
#32 /Applications/MAMP/htdocs/Untitled/eterna-watch/vendor/laravel/framework/src/Illuminate/Foundation/Http/Kernel.php(144): Illuminate\\Foundation\\Http\\Kernel->sendRequestThroughRouter(Object(Illuminate\\Http\\Request))
#33 /Applications/MAMP/htdocs/Untitled/eterna-watch/public/index.php(51): Illuminate\\Foundation\\Http\\Kernel->handle(Object(Illuminate\\Http\\Request))
#34 /Applications/MAMP/htdocs/Untitled/eterna-watch/vendor/laravel/framework/src/Illuminate/Foundation/resources/server.php(16): require_once('/Applications/M...')
#35 {main}
"} 
